<?xml version="1.0" encoding="UTF-8"?>
<!-- Generated by org.testng.reporters.JUnitReportReporter -->
<testsuite hostname="DESKTOP-N8EPBS5" failures="0" tests="1" name="TestClassPackage1.Post_TC_3" time="3.016" errors="0" timestamp="2023-05-23T15:59:39 IST" skipped="0">
  <testcase classname="TestClassPackage1.Post_TC_3" name="execute" time="3.016"/>
  <system-out/>
</testsuite> <!-- TestClassPackage1.Post_TC_3 -->
