<?xml version="1.0" encoding="UTF-8"?>
<!-- Generated by org.testng.reporters.JUnitReportReporter -->
<testsuite hostname="DESKTOP-N8EPBS5" failures="0" tests="1" name="TestClassPackage1.Post_TC_2" time="10.480" errors="0" timestamp="2023-05-23T15:59:39 IST" skipped="0">
  <testcase classname="TestClassPackage1.Post_TC_2" name="execute" time="10.480"/>
  <system-out/>
</testsuite> <!-- TestClassPackage1.Post_TC_2 -->
